<?xml version="1.0" encoding="UTF-8"?>
<testng-results ignored="0" total="1" passed="1" failed="0" skipped="0">
  <reporter-output>
  </reporter-output>
  <suite started-at="2025-01-26T16:22:08 IST" name="Suite" finished-at="2025-01-26T16:22:36 IST" duration-ms="28042">
    <groups>
      <group name="Regression">
        <method signature="TestCase1.testCase1(java.lang.reflect.Method)[pri:0, instance:TestCases.TestCase1@55a147cc]" name="testCase1" class="TestCases.TestCase1"/>
      </group> <!-- Regression -->
    </groups>
    <test started-at="2025-01-26T16:22:08 IST" name="Test" finished-at="2025-01-26T16:22:36 IST" duration-ms="28042">
      <class name="TestCases.TestCase1">
        <test-method is-config="true" signature="m1()[pri:0, instance:TestCases.TestCase1@55a147cc]" started-at="2025-01-26T16:22:05 IST" name="m1" finished-at="2025-01-26T16:22:08 IST" duration-ms="2877" status="PASS">
          <reporter-output>
          </reporter-output>
        </test-method> <!-- m1 -->
        <test-method is-config="true" signature="init()[pri:0, instance:TestCases.TestCase1@55a147cc]" started-at="2025-01-26T16:22:08 IST" name="init" finished-at="2025-01-26T16:22:18 IST" duration-ms="9830" status="PASS">
          <reporter-output>
          </reporter-output>
        </test-method> <!-- init -->
        <test-method signature="testCase1(java.lang.reflect.Method)[pri:0, instance:TestCases.TestCase1@55a147cc]" started-at="2025-01-26T16:22:18 IST" name="testCase1" finished-at="2025-01-26T16:22:32 IST" duration-ms="14266" status="PASS">
          <params>
            <param index="0">
              <value>
                <![CDATA[public void TestCases.TestCase1.testCase1(java.lang.reflect.Method) throws java.io.IOException]]>
              </value>
            </param>
          </params>
          <reporter-output>
          </reporter-output>
        </test-method> <!-- testCase1 -->
        <test-method is-config="true" signature="close()[pri:0, instance:TestCases.TestCase1@55a147cc]" started-at="2025-01-26T16:22:33 IST" name="close" finished-at="2025-01-26T16:22:36 IST" duration-ms="3064" status="PASS">
          <reporter-output>
          </reporter-output>
        </test-method> <!-- close -->
        <test-method is-config="true" signature="flushReport()[pri:0, instance:TestCases.TestCase1@55a147cc]" started-at="2025-01-26T16:22:36 IST" name="flushReport" finished-at="2025-01-26T16:22:37 IST" duration-ms="1359" status="PASS">
          <reporter-output>
          </reporter-output>
        </test-method> <!-- flushReport -->
      </class> <!-- TestCases.TestCase1 -->
    </test> <!-- Test -->
  </suite> <!-- Suite -->
</testng-results>
